#
# There is insufficient memory for the Java Runtime Environment to continue.
# Native memory allocation (malloc) failed to allocate 2992 bytes for AllocateHeap
# Possible reasons:
#   The system is out of physical RAM or swap space
#   The process is running with CompressedOops enabled, and the Java Heap may be blocking the growth of the native heap
# Possible solutions:
#   Reduce memory load on the system
#   Increase physical memory or swap space
#   Check if swap backing store is full
#   Decrease Java heap size (-Xmx/-Xms)
#   Decrease number of Java threads
#   Decrease Java thread stack sizes (-Xss)
#   Set larger code cache with -XX:ReservedCodeCacheSize=
# This output file may be truncated or incomplete.
#
#  Out of Memory Error (./src/hotspot/share/memory/allocation.cpp:46), pid=3924, tid=5944
#
# JRE version:  (11.0.13) (build )
# Java VM: OpenJDK 64-Bit Server VM (11.0.13+0-b1751.21-8125866, mixed mode, sharing, tiered, compressed oops, g1 gc, windows-amd64)
# No core dump will be written. Minidumps are not enabled by default on client versions of Windows
#

---------------  S U M M A R Y ------------

Command Line: org.jetbrains.kotlin.cli.jvm.K2JVMCompiler @C:\Users\AAA\AndroidStudioProjects\Top10Downloader\app\build\20230109_4494807255830758575.compiler.options

Host: Intel(R) Core(TM) i7-8750H CPU @ 2.20GHz, 12 cores, 15G,  Windows 10 , 64 bit Build 19041 (10.0.19041.2364)
Time: Mon Jan  9 20:07:27 2023 Russia TZ 2 Standard Time elapsed time: 0.015263 seconds (0d 0h 0m 0s)

---------------  T H R E A D  ---------------

Current thread (0x0000017ea2dd4000):  JavaThread "Unknown thread" [_thread_in_vm, id=5944, stack(0x0000000af2300000,0x0000000af2400000)]

Stack: [0x0000000af2300000,0x0000000af2400000]
Native frames: (J=compiled Java code, j=interpreted, Vv=VM code, C=native code)
V  [jvm.dll+0x6100fa]
V  [jvm.dll+0x747090]
V  [jvm.dll+0x7486ad]
V  [jvm.dll+0x748d83]
V  [jvm.dll+0x24ab48]
V  [jvm.dll+0xb789a]
V  [jvm.dll+0x706524]
V  [jvm.dll+0x2e48eb]
V  [jvm.dll+0x2e4670]
V  [jvm.dll+0x7242e7]
V  [jvm.dll+0x725adc]
V  [jvm.dll+0x364629]
V  [jvm.dll+0x707cee]
V  [jvm.dll+0x3d2633]
V  [jvm.dll+0x3d4a21]
C  [jli.dll+0x536b]
C  [ucrtbase.dll+0x21bb2]
C  [KERNEL32.DLL+0x17614]
C  [ntdll.dll+0x526a1]


---------------  P R O C E S S  ---------------

Threads class SMR info:
_java_thread_list=0x0000017ea0b957a0, length=0, elements={
}

Java Threads: ( => current thread )

Other Threads:
  0x0000017ea0c6c800 GCTaskThread "GC Thread#0" [stack: 0x0000000af2400000,0x0000000af2500000] [id=4280]
  0x0000017ea2e41800 ConcurrentGCThread "G1 Main Marker" [stack: 0x0000000af2500000,0x0000000af2600000] [id=12764]
  0x0000017ea2e43000 ConcurrentGCThread "G1 Conc#0" [stack: 0x0000000af2600000,0x0000000af2700000] [id=6248]
  0x0000017ec21ce000 ConcurrentGCThread "G1 Refine#0" [stack: 0x0000000000000000,0x0000000000000000]

=>0x0000017ea2dd4000 (exited) JavaThread "Unknown thread" [_thread_in_vm, id=5944, stack(0x0000000af2300000,0x0000000af2400000)]

Threads with active compile tasks:

VM state:not at safepoint (not fully initialized)

VM Mutex/Monitor currently owned by a thread:  ([mutex/lock_event])
[0x0000017ea2dd0320] Heap_lock - owner thread: 0x0000017ea2dd4000

Heap address: 0x0000000701e00000, size: 4066 MB, Compressed Oops mode: Non-zero based: 0x0000000701e00000
Narrow klass base: 0x0000000000000000, Narrow klass shift: 0

GC Heap History (0 events):
No events

Deoptimization events (0 events):
No events

Classes redefined (0 events):
No events

Internal exceptions (0 events):
No events

Events (1 events):
Event: 0.005 Loaded shared library C:\Program Files\Android\Android Studio\jre\bin\zip.dll


Dynamic libraries:
0x00007ff677460000 - 0x00007ff67746a000 	C:\Program Files\Android\Android Studio\jre\bin\java.exe
0x00007ffe5d070000 - 0x00007ffe5d268000 	C:\WINDOWS\SYSTEM32\ntdll.dll
0x00007ffe5cc40000 - 0x00007ffe5ccff000 	C:\WINDOWS\System32\KERNEL32.DLL
0x00007ffe5ad30000 - 0x00007ffe5b002000 	C:\WINDOWS\System32\KERNELBASE.dll
0x00007ffe5a860000 - 0x00007ffe5a960000 	C:\WINDOWS\System32\ucrtbase.dll
0x00007ffe46bc0000 - 0x00007ffe46bd9000 	C:\Program Files\Android\Android Studio\jre\bin\jli.dll
0x00007ffe3b430000 - 0x00007ffe3b447000 	C:\Program Files\Android\Android Studio\jre\bin\VCRUNTIME140.dll
0x00007ffe5cde0000 - 0x00007ffe5cf81000 	C:\WINDOWS\System32\USER32.dll
0x00007ffe5aba0000 - 0x00007ffe5abc2000 	C:\WINDOWS\System32\win32u.dll
0x00007ffe40a00000 - 0x00007ffe40c9a000 	C:\WINDOWS\WinSxS\amd64_microsoft.windows.common-controls_6595b64144ccf1df_6.0.19041.1110_none_60b5254171f9507e\COMCTL32.dll
0x00007ffe5c000000 - 0x00007ffe5c02b000 	C:\WINDOWS\System32\GDI32.dll
0x00007ffe5b0b0000 - 0x00007ffe5b14e000 	C:\WINDOWS\System32\msvcrt.dll
0x00007ffe5abd0000 - 0x00007ffe5acdf000 	C:\WINDOWS\System32\gdi32full.dll
0x00007ffe5b010000 - 0x00007ffe5b0ad000 	C:\WINDOWS\System32\msvcp_win.dll
0x00007ffe5c980000 - 0x00007ffe5c9b2000 	C:\WINDOWS\System32\IMM32.DLL
0x00007ffe3aed0000 - 0x00007ffe3af6d000 	C:\Program Files\Android\Android Studio\jre\bin\msvcp140.dll
0x00007ffe3a370000 - 0x00007ffe3ae72000 	C:\Program Files\Android\Android Studio\jre\bin\server\jvm.dll
0x00007ffe5b8e0000 - 0x00007ffe5b98e000 	C:\WINDOWS\System32\ADVAPI32.dll
0x00007ffe5cf90000 - 0x00007ffe5d02c000 	C:\WINDOWS\System32\sechost.dll
0x00007ffe5c030000 - 0x00007ffe5c155000 	C:\WINDOWS\System32\RPCRT4.dll
0x00007ffe5b210000 - 0x00007ffe5b218000 	C:\WINDOWS\System32\PSAPI.DLL
0x00007ffe54db0000 - 0x00007ffe54db9000 	C:\WINDOWS\SYSTEM32\WSOCK32.dll
0x00007ffe41760000 - 0x00007ffe41787000 	C:\WINDOWS\SYSTEM32\WINMM.dll
0x00007ffe535c0000 - 0x00007ffe535ca000 	C:\WINDOWS\SYSTEM32\VERSION.dll
0x00007ffe5beb0000 - 0x00007ffe5bf1b000 	C:\WINDOWS\System32\WS2_32.dll
0x00007ffe58fb0000 - 0x00007ffe58fc2000 	C:\WINDOWS\SYSTEM32\kernel.appcore.dll
0x00007ffe54ce0000 - 0x00007ffe54cf1000 	C:\Program Files\Android\Android Studio\jre\bin\verify.dll
0x00007ffe58520000 - 0x00007ffe58704000 	C:\WINDOWS\SYSTEM32\DBGHELP.DLL
0x00007ffe44660000 - 0x00007ffe44695000 	C:\WINDOWS\SYSTEM32\dbgcore.DLL
0x00007ffe5a7d0000 - 0x00007ffe5a852000 	C:\WINDOWS\System32\bcryptPrimitives.dll
0x00007ffe48480000 - 0x00007ffe484a9000 	C:\Program Files\Android\Android Studio\jre\bin\java.dll
0x00007ffe547a0000 - 0x00007ffe547ab000 	C:\Program Files\Android\Android Studio\jre\bin\jimage.dll
0x00007ffe48460000 - 0x00007ffe48478000 	C:\Program Files\Android\Android Studio\jre\bin\zip.dll

dbghelp: loaded successfully - version: 4.0.5 - missing functions: none
symbol engine: initialized successfully - sym options: 0x614 - pdb path: .;C:\Program Files\Android\Android Studio\jre\bin;C:\WINDOWS\SYSTEM32;C:\WINDOWS\WinSxS\amd64_microsoft.windows.common-controls_6595b64144ccf1df_6.0.19041.1110_none_60b5254171f9507e;C:\Program Files\Android\Android Studio\jre\bin\server

VM Arguments:
java_command: org.jetbrains.kotlin.cli.jvm.K2JVMCompiler @C:\Users\AAA\AndroidStudioProjects\Top10Downloader\app\build\20230109_4494807255830758575.compiler.options
java_class_path (initial): C:\Users\AAA\.gradle\caches\modules-2\files-2.1\org.jetbrains.kotlin\kotlin-compiler-embeddable\1.7.10\909803167c98606fcf22b4c848647c68e351d48d\kotlin-compiler-embeddable-1.7.10.jar;C:\Users\AAA\.gradle\caches\modules-2\files-2.1\org.jetbrains.kotlin\kotlin-reflect\1.7.10\165e600dfea6185cf5efa700756294cc4904dbeb\kotlin-reflect-1.7.10.jar;C:\Users\AAA\.gradle\caches\modules-2\files-2.1\org.jetbrains.kotlin\kotlin-stdlib\1.7.10\d2abf9e77736acc4450dc4a3f707fa2c10f5099d\kotlin-stdlib-1.7.10.jar;C:\Users\AAA\.gradle\caches\modules-2\files-2.1\org.jetbrains.kotlin\kotlin-script-runtime\1.7.10\c99c87a6988d8fd8d5142e9ed5c9f34a7cf561ee\kotlin-script-runtime-1.7.10.jar;C:\Users\AAA\.gradle\caches\modules-2\files-2.1\org.jetbrains.kotlin\kotlin-daemon-embeddable\1.7.10\3a9f7aef7080d3ae63126cbba4f827ed664f32fa\kotlin-daemon-embeddable-1.7.10.jar;C:\Users\AAA\.gradle\caches\modules-2\files-2.1\org.jetbrains.intellij.deps\trove4j\1.0.20200330\3afb14d5f9ceb459d724e907a21145e8ff394f02\trove4j-1.0.20200330.jar;C:\Users\AAA\.gradle\caches\modules-2\files-2.1\net.java.dev.jna\jna\5.6.0\330f2244e9030119ab3030fc3fededc86713d9cc\jna-5.6.0.jar;C:\Users\AAA\.gradle\caches\modules-2\files-2.1\org.jetbrains.kotlin\kotlin-stdlib-common\1.7.10\bac80c520d0a9e3f3673bc2658c6ed02ef45a76a\kotlin-stdlib-common-1.7.10.jar;C:\Users\AAA\.gradle\caches\modules-2\files-2.1\org.jetbrains\annotations\13.0\919f0dfe192fb4e063e7dacadee7f8bb9a2672a9\annotations-13.0.jar
Launcher Type: SUN_STANDARD

[Global flags]
     intx CICompilerCount                          = 4                                         {product} {ergonomic}
     uint ConcGCThreads                            = 3                                         {product} {ergonomic}
     uint G1ConcRefinementThreads                  = 10                                        {product} {ergonomic}
   size_t G1HeapRegionSize                         = 1048576                                   {product} {ergonomic}
    uintx GCDrainStackTargetSize                   = 64                                        {product} {ergonomic}
   size_t InitialHeapSize                          = 268435456                                 {product} {ergonomic}
   size_t MarkStackSize                            = 4194304                                   {product} {ergonomic}
   size_t MaxHeapSize                              = 4263510016                                {product} {ergonomic}
   size_t MaxNewSize                               = 2557476864                                {product} {ergonomic}
   size_t MinHeapDeltaBytes                        = 1048576                                   {product} {ergonomic}
    uintx NonNMethodCodeHeapSize                   = 5836300                                {pd product} {ergonomic}
    uintx NonProfiledCodeHeapSize                  = 122910970                              {pd product} {ergonomic}
    uintx ProfiledCodeHeapSize                     = 122910970                              {pd product} {ergonomic}
    uintx ReservedCodeCacheSize                    = 251658240                              {pd product} {ergonomic}
     bool SegmentedCodeCache                       = true                                      {product} {ergonomic}
     bool UseCompressedClassPointers               = true                                 {lp64_product} {ergonomic}
     bool UseCompressedOops                        = true                                 {lp64_product} {ergonomic}
     bool UseG1GC                                  = true                                      {product} {ergonomic}
     bool UseLargePagesIndividualAllocation        = false                                  {pd product} {ergonomic}

Logging:
Log output configuration:
 #0: stdout all=warning uptime,level,tags
 #1: stderr all=off uptime,level,tags

Environment Variables:
PATH=C:\Program Files (x86)\Intel\MPI-RT\5.0.2.044\intel64\bin;C:\Program Files (x86)\Intel\Intel(R) Management Engine Components\iCLS\;C:\Program Files\Intel\Intel(R) Management Engine Components\iCLS\;C:\Windows\system32;C:\Windows;C:\Windows\System32\Wbem;C:\Windows\System32\WindowsPowerShell\v1.0\;C:\Program Files (x86)\Intel\Intel(R) Management Engine Components\DAL;C:\Program Files\Intel\Intel(R) Management Engine Components\DAL;C:\Program Files (x86)\Intel\Intel(R) Management Engine Components\IPT;C:\Program Files\Intel\Intel(R) Management Engine Components\IPT;C:\Program Files (x86)\NVIDIA Corporation\PhysX\Common;C:\WINDOWS\system32;C:\WINDOWS;C:\WINDOWS\System32\Wbem;C:\WINDOWS\System32\WindowsPowerShell\v1.0\;C:\WINDOWS\System32\OpenSSH\;C:\Program Files\dotnet\;C:\Program Files\Microsoft SQL Server\130\Tools\Binn\;C:\Program Files\NVIDIA Corporation\NVIDIA NvDLISR;C:\WINDOWS\system32;C:\WINDOWS;C:\WINDOWS\System32\Wbem;C:\WINDOWS\System32\WindowsPowerShell\v1.0\;C:\WINDOWS\System32\OpenSSH\;C:\Program Files\nodejs\;C:\Program Files\Git\bin\;C:\Program Files\Git\cmd\;C:\Users\AAA\anaconda3;C:\Users\AAA\anaconda3\Library\mingw-w64\bin;C:\Users\AAA\anaconda3\Library\usr\bin;C:\Users\AAA\anaconda3\Library\bin;C:\Users\AAA\anaconda3\Scripts;C:\Users\AAA\AppData\Local\Microsoft\WindowsApps;C:\Users\AAA\AppData\Local\Programs\Microsoft VS Code\bin;C:\Users\AAA\AppData\Roaming\npm;C:\Users\AAA\AppData\Local\Android\Sdk\platform-tools;C:\Users\AAA\AppData\Local\GitHubDesktop\bin
USERNAME=Yaseer
OS=Windows_NT
PROCESSOR_IDENTIFIER=Intel64 Family 6 Model 158 Stepping 10, GenuineIntel



---------------  S Y S T E M  ---------------

OS: Windows 10 , 64 bit Build 19041 (10.0.19041.2364)
OS uptime: 1 days 0:55 hours

CPU:total 12 (initial active 12) (6 cores per cpu, 2 threads per core) family 6 model 158 stepping 10 microcode 0xde, cmov, cx8, fxsr, mmx, sse, sse2, sse3, ssse3, sse4.1, sse4.2, popcnt, avx, avx2, aes, clmul, erms, 3dnowpref, lzcnt, ht, tsc, tscinvbit, bmi1, bmi2, adx, fma

Memory: 4k page, system-wide physical 16257M (2696M free)
TotalPageFile size 16257M (AvailPageFile size 4M)
current process WorkingSet (physical memory assigned to process): 21M, peak: 21M
current process commit charge ("private bytes"): 331M, peak: 331M

vm_info: OpenJDK 64-Bit Server VM (11.0.13+0-b1751.21-8125866) for windows-amd64 JRE (11.0.13+0-b1751.21-8125866), built on Feb  2 2022 03:00:22 by "builder" with MS VC++ 14.0 (VS2015)

END.
